#
# There is insufficient memory for the Java Runtime Environment to continue.
# Native memory allocation (malloc) failed to allocate 172320 bytes. Error detail: Chunk::new
# Possible reasons:
#   The system is out of physical RAM or swap space
#   This process is running with CompressedOops enabled, and the Java Heap may be blocking the growth of the native heap
# Possible solutions:
#   Reduce memory load on the system
#   Increase physical memory or swap space
#   Check if swap backing store is full
#   Decrease Java heap size (-Xmx/-Xms)
#   Decrease number of Java threads
#   Decrease Java thread stack sizes (-Xss)
#   Set larger code cache with -XX:ReservedCodeCacheSize=
#   JVM is running with Unscaled Compressed Oops mode in which the Java heap is
#     placed in the first 4GB address space. The Java Heap base address is the
#     maximum limit for the native heap growth. Please use -XX:HeapBaseMinAddress
#     to set the Java Heap base and to place the Java Heap above 4GB virtual address.
# This output file may be truncated or incomplete.
#
#  Out of Memory Error (arena.cpp:191), pid=11508, tid=17852
#
# JRE version: OpenJDK Runtime Environment Temurin-17.0.11+9 (17.0.11+9) (build 17.0.11+9)
# Java VM: OpenJDK 64-Bit Server VM Temurin-17.0.11+9 (17.0.11+9, mixed mode, tiered, compressed oops, compressed class ptrs, parallel gc, windows-amd64)
# No core dump will be written. Minidumps are not enabled by default on client versions of Windows
#

---------------  S U M M A R Y ------------

Command Line: --add-modules=ALL-SYSTEM --add-opens=java.base/java.util=ALL-UNNAMED --add-opens=java.base/java.lang=ALL-UNNAMED --add-opens=java.base/sun.nio.fs=ALL-UNNAMED -Declipse.application=org.eclipse.jdt.ls.core.id1 -Dosgi.bundles.defaultStartLevel=4 -Declipse.product=org.eclipse.jdt.ls.core.product -Djava.import.generatesMetadataFilesAtProjectRoot=false -DDetectVMInstallationsJob.disabled=true -Dfile.encoding=utf8 -XX:+UseParallelGC -XX:GCTimeRatio=4 -XX:AdaptiveSizePolicyWeight=90 -Dsun.zip.disableMemoryMapping=true -Xmx1G -Xms100m -Xlog:disable -javaagent:c:\Users\User\.vscode\extensions\redhat.java-1.31.0-win32-x64\lombok\lombok-1.18.32.jar -XX:+HeapDumpOnOutOfMemoryError -XX:HeapDumpPath=c:\Users\User\AppData\Roaming\Code\User\workspaceStorage\295cda36362867ee6ae3446f3d0d39f4\redhat.java -Daether.dependencyCollector.impl=bf c:\Users\User\.vscode\extensions\redhat.java-1.31.0-win32-x64\server\plugins\org.eclipse.equinox.launcher_1.6.800.v20240513-1750.jar -configuration c:\Users\User\AppData\Roaming\Code\User\globalStorage\redhat.java\1.31.0\config_win -data c:\Users\User\AppData\Roaming\Code\User\workspaceStorage\295cda36362867ee6ae3446f3d0d39f4\redhat.java\jdt_ws --pipe=\\.\pipe\lsp-1677ca0cd2f889e93403d29a5ce5ad0c-sock

Host: Intel(R) Core(TM) i5-1035G1 CPU @ 1.00GHz, 8 cores, 7G,  Windows 10 , 64 bit Build 19041 (10.0.19041.3636)
Time: Tue Jun 25 08:56:21 2024 Nepal Standard Time elapsed time: 13.243019 seconds (0d 0h 0m 13s)

---------------  T H R E A D  ---------------

Current thread (0x000001f17d066800):  JavaThread "C2 CompilerThread0" daemon [_thread_in_native, id=17852, stack(0x000000394d000000,0x000000394d100000)]


Current CompileTask:
C2:  13243 7953 % !   4       org.eclipse.jdt.internal.compiler.parser.Scanner::jumpOverBody @ 7 (1538 bytes)

Stack: [0x000000394d000000,0x000000394d100000]
Native frames: (J=compiled Java code, j=interpreted, Vv=VM code, C=native code)
V  [jvm.dll+0x67d429]
V  [jvm.dll+0x834b7a]
V  [jvm.dll+0x83663e]
V  [jvm.dll+0x836ca3]
V  [jvm.dll+0x247dbf]
V  [jvm.dll+0xac534]
V  [jvm.dll+0xacb7c]
V  [jvm.dll+0x366647]
V  [jvm.dll+0x1bcd1d]
V  [jvm.dll+0x21a5c9]
V  [jvm.dll+0x2198b1]
V  [jvm.dll+0x1a534d]
V  [jvm.dll+0x2295cd]
V  [jvm.dll+0x22779c]
V  [jvm.dll+0x7e9d07]
V  [jvm.dll+0x7e410a]
V  [jvm.dll+0x67c315]
C  [ucrtbase.dll+0x21bb2]
C  [KERNEL32.DLL+0x17344]
C  [ntdll.dll+0x4cc91]


---------------  P R O C E S S  ---------------

Threads class SMR info:
_java_thread_list=0x000001f110f8e190, length=47, elements={
0x000001f172f01540, 0x000001f177d98c30, 0x000001f177d99980, 0x000001f17d05dc60,
0x000001f17d05e730, 0x000001f17d05f200, 0x000001f17d061be0, 0x000001f17d066800,
0x000001f17d0c4090, 0x000001f17d0c8d70, 0x000001f17d177fb0, 0x000001f17d3cba90,
0x000001f17e65abb0, 0x000001f17e69f780, 0x000001f17e6a1f40, 0x000001f17eea5210,
0x000001f17e947670, 0x000001f17eee1100, 0x000001f17eee0bf0, 0x000001f17eee3980,
0x000001f17eee1610, 0x000001f17eee1b20, 0x000001f17eee2540, 0x000001f17eee2a50,
0x000001f17eee2f60, 0x000001f17eee01d0, 0x000001f17eee3470, 0x000001f110a34820,
0x000001f110a39920, 0x000001f110a3b270, 0x000001f110a375b0, 0x000001f110a370a0,
0x000001f110a3a850, 0x000001f110a3ad60, 0x000001f110a3b780, 0x000001f110a35750,
0x000001f110c08410, 0x000001f110c08eb0, 0x000001f110a35240, 0x000001f110a384e0,
0x000001f110a37fd0, 0x000001f110a39e30, 0x000001f110a35c60, 0x000001f110a36170,
0x000001f110a36b90, 0x000001f110a34310, 0x000001f110a3bc90
}

Java Threads: ( => current thread )
  0x000001f172f01540 JavaThread "main" [_thread_blocked, id=4332, stack(0x000000394c600000,0x000000394c700000)]
  0x000001f177d98c30 JavaThread "Reference Handler" daemon [_thread_blocked, id=15408, stack(0x000000394ca00000,0x000000394cb00000)]
  0x000001f177d99980 JavaThread "Finalizer" daemon [_thread_blocked, id=10744, stack(0x000000394cb00000,0x000000394cc00000)]
  0x000001f17d05dc60 JavaThread "Signal Dispatcher" daemon [_thread_blocked, id=14840, stack(0x000000394cc00000,0x000000394cd00000)]
  0x000001f17d05e730 JavaThread "Attach Listener" daemon [_thread_blocked, id=11340, stack(0x000000394cd00000,0x000000394ce00000)]
  0x000001f17d05f200 JavaThread "Service Thread" daemon [_thread_blocked, id=4532, stack(0x000000394ce00000,0x000000394cf00000)]
  0x000001f17d061be0 JavaThread "Monitor Deflation Thread" daemon [_thread_blocked, id=5080, stack(0x000000394cf00000,0x000000394d000000)]
=>0x000001f17d066800 JavaThread "C2 CompilerThread0" daemon [_thread_in_native, id=17852, stack(0x000000394d000000,0x000000394d100000)]
  0x000001f17d0c4090 JavaThread "C1 CompilerThread0" daemon [_thread_blocked, id=11544, stack(0x000000394d100000,0x000000394d200000)]
  0x000001f17d0c8d70 JavaThread "Sweeper thread" daemon [_thread_blocked, id=596, stack(0x000000394d200000,0x000000394d300000)]
  0x000001f17d177fb0 JavaThread "Common-Cleaner" daemon [_thread_blocked, id=8716, stack(0x000000394d300000,0x000000394d400000)]
  0x000001f17d3cba90 JavaThread "Notification Thread" daemon [_thread_blocked, id=5416, stack(0x000000394d500000,0x000000394d600000)]
  0x000001f17e65abb0 JavaThread "Active Thread: Equinox Container: 8aa7aa4e-94f4-4880-9f29-4423f4c350cc" [_thread_blocked, id=16924, stack(0x000000394dd00000,0x000000394de00000)]
  0x000001f17e69f780 JavaThread "Framework Event Dispatcher: Equinox Container: 8aa7aa4e-94f4-4880-9f29-4423f4c350cc" daemon [_thread_blocked, id=8608, stack(0x000000394de00000,0x000000394df00000)]
  0x000001f17e6a1f40 JavaThread "Start Level: Equinox Container: 8aa7aa4e-94f4-4880-9f29-4423f4c350cc" daemon [_thread_blocked, id=9088, stack(0x000000394df00000,0x000000394e000000)]
  0x000001f17eea5210 JavaThread "Bundle File Closer" daemon [_thread_blocked, id=6952, stack(0x000000394e100000,0x000000394e200000)]
  0x000001f17e947670 JavaThread "SCR Component Actor" daemon [_thread_blocked, id=10816, stack(0x000000394e200000,0x000000394e300000)]
  0x000001f17eee1100 JavaThread "Worker-JM" [_thread_blocked, id=18008, stack(0x000000394dc00000,0x000000394dd00000)]
  0x000001f17eee0bf0 JavaThread "Worker-0" [_thread_blocked, id=12996, stack(0x000000394e400000,0x000000394e500000)]
  0x000001f17eee3980 JavaThread "Worker-1" [_thread_blocked, id=8936, stack(0x000000394e500000,0x000000394e600000)]
  0x000001f17eee1610 JavaThread "Java indexing" daemon [_thread_blocked, id=17368, stack(0x000000394e800000,0x000000394e900000)]
  0x000001f17eee1b20 JavaThread "Worker-2: Publish Diagnostics" [_thread_in_Java, id=15368, stack(0x000000394e900000,0x000000394ea00000)]
  0x000001f17eee2540 JavaThread "JNA Cleaner" daemon [_thread_blocked, id=17328, stack(0x000000394ea00000,0x000000394eb00000)]
  0x000001f17eee2a50 JavaThread "Worker-3" [_thread_blocked, id=3244, stack(0x000000394ec00000,0x000000394ed00000)]
  0x000001f17eee2f60 JavaThread "Thread-2" daemon [_thread_in_native, id=7648, stack(0x000000394ee00000,0x000000394ef00000)]
  0x000001f17eee01d0 JavaThread "Thread-3" daemon [_thread_in_native, id=18996, stack(0x000000394ef00000,0x000000394f000000)]
  0x000001f17eee3470 JavaThread "Thread-4" daemon [_thread_in_native, id=9076, stack(0x000000394f000000,0x000000394f100000)]
  0x000001f110a34820 JavaThread "Thread-5" daemon [_thread_in_native, id=6532, stack(0x000000394f100000,0x000000394f200000)]
  0x000001f110a39920 JavaThread "Thread-6" daemon [_thread_in_native, id=3876, stack(0x000000394f200000,0x000000394f300000)]
  0x000001f110a3b270 JavaThread "Thread-7" daemon [_thread_in_native, id=14588, stack(0x000000394f300000,0x000000394f400000)]
  0x000001f110a375b0 JavaThread "Thread-8" daemon [_thread_in_native, id=8216, stack(0x000000394f400000,0x000000394f500000)]
  0x000001f110a370a0 JavaThread "Thread-9" daemon [_thread_in_native, id=19132, stack(0x000000394f500000,0x000000394f600000)]
  0x000001f110a3a850 JavaThread "Thread-10" daemon [_thread_in_native, id=17736, stack(0x000000394f600000,0x000000394f700000)]
  0x000001f110a3ad60 JavaThread "pool-2-thread-1" [_thread_blocked, id=14292, stack(0x000000394f700000,0x000000394f800000)]
  0x000001f110a3b780 JavaThread "WorkspaceEventsHandler" [_thread_blocked, id=8212, stack(0x000000394f800000,0x000000394f900000)]
  0x000001f110a35750 JavaThread "pool-1-thread-1" [_thread_blocked, id=2380, stack(0x000000394f900000,0x000000394fa00000)]
  0x000001f110c08410 JavaThread "C2 CompilerThread1" daemon [_thread_in_native, id=17664, stack(0x000000394e600000,0x000000394e700000)]
  0x000001f110c08eb0 JavaThread "C2 CompilerThread2" daemon [_thread_in_native, id=14172, stack(0x000000394e700000,0x000000394e800000)]
  0x000001f110a35240 JavaThread "ForkJoinPool.commonPool-worker-1" daemon [_thread_blocked, id=16344, stack(0x000000394e300000,0x000000394e400000)]
  0x000001f110a384e0 JavaThread "ForkJoinPool.commonPool-worker-2" daemon [_thread_blocked, id=7328, stack(0x000000394fa00000,0x000000394fb00000)]
  0x000001f110a37fd0 JavaThread "ForkJoinPool.commonPool-worker-3" daemon [_thread_in_Java, id=16856, stack(0x000000394fb00000,0x000000394fc00000)]
  0x000001f110a39e30 JavaThread "ForkJoinPool.commonPool-worker-4" daemon [_thread_blocked, id=14000, stack(0x000000394fc00000,0x000000394fd00000)]
  0x000001f110a35c60 JavaThread "ForkJoinPool.commonPool-worker-5" daemon [_thread_blocked, id=14980, stack(0x000000394fd00000,0x000000394fe00000)]
  0x000001f110a36170 JavaThread "ForkJoinPool.commonPool-worker-6" daemon [_thread_in_vm, id=14680, stack(0x000000394fe00000,0x000000394ff00000)]
  0x000001f110a36b90 JavaThread "Thread-11" daemon [_thread_in_Java, id=13124, stack(0x000000394ff00000,0x0000003950000000)]
  0x000001f110a34310 JavaThread "ForkJoinPool.commonPool-worker-7" daemon [_thread_blocked, id=6476, stack(0x0000003950000000,0x0000003950100000)]
  0x000001f110a3bc90 JavaThread "Cleaner-0" daemon [_thread_blocked, id=1400, stack(0x0000003950100000,0x0000003950200000)]

Other Threads:
  0x000001f17d020c20 VMThread "VM Thread" [stack: 0x000000394c900000,0x000000394ca00000] [id=13924]
  0x000001f17d2feea0 WatcherThread [stack: 0x000000394d600000,0x000000394d700000] [id=15252]
  0x000001f172f14dc0 GCTaskThread "GC Thread#0" [stack: 0x000000394c800000,0x000000394c900000] [id=16204]
  0x000001f17e793950 GCTaskThread "GC Thread#1" [stack: 0x000000394d400000,0x000000394d500000] [id=14828]
  0x000001f17e716cd0 GCTaskThread "GC Thread#2" [stack: 0x000000394d700000,0x000000394d800000] [id=14832]
  0x000001f17e716f90 GCTaskThread "GC Thread#3" [stack: 0x000000394d800000,0x000000394d900000] [id=6004]
  0x000001f17e620340 GCTaskThread "GC Thread#4" [stack: 0x000000394d900000,0x000000394da00000] [id=12476]
  0x000001f17e620e10 GCTaskThread "GC Thread#5" [stack: 0x000000394da00000,0x000000394db00000] [id=17016]
  0x000001f17e6210d0 GCTaskThread "GC Thread#6" [stack: 0x000000394db00000,0x000000394dc00000] [id=17976]
  0x000001f17e98c8c0 GCTaskThread "GC Thread#7" [stack: 0x000000394e000000,0x000000394e100000] [id=19404]

Threads with active compile tasks:
C2 CompilerThread0    13283 7953 % !   4       org.eclipse.jdt.internal.compiler.parser.Scanner::jumpOverBody @ 7 (1538 bytes)
C1 CompilerThread0    13283 8005       2       org.eclipse.jdt.internal.compiler.lookup.CompilationUnitScope::recordTypeReference (35 bytes)
C2 CompilerThread1    13283 7924       4       org.lombokweb.asm.ClassReader::readCode (5117 bytes)
C2 CompilerThread2    13283 7955       4       org.eclipse.jdt.internal.compiler.parser.Scanner::internalScanIdentifierOrKeyword (4773 bytes)

VM state: not at safepoint (normal execution)

VM Mutex/Monitor currently owned by a thread:  ([mutex/lock_event])
[0x000001f172efc830] Compile_lock - owner thread: 0x000001f17d0c4090

Heap address: 0x00000000c0000000, size: 1024 MB, Compressed Oops mode: 32-bit

CDS archive(s) not mapped
Compressed class space mapped at: 0x0000000100000000-0x0000000140000000, reserved size: 1073741824
Narrow klass base: 0x0000000000000000, Narrow klass shift: 3, Narrow klass range: 0x140000000

GC Precious Log:
 CPUs: 8 total, 8 available
 Memory: 7987M
 Large Page Support: Disabled
 NUMA Support: Disabled
 Compressed Oops: Enabled (32-bit)
 Alignments: Space 512K, Generation 512K, Heap 2M
 Heap Min Capacity: 100M
 Heap Initial Capacity: 100M
 Heap Max Capacity: 1G
 Pre-touch: Disabled
 Parallel Workers: 8

Heap:
 PSYoungGen      total 20480K, used 17468K [0x00000000eab00000, 0x00000000ec200000, 0x0000000100000000)
  eden space 17408K, 84% used [0x00000000eab00000,0x00000000eb9538b8,0x00000000ebc00000)
  from space 3072K, 91% used [0x00000000ebc00000,0x00000000ebebbab8,0x00000000ebf00000)
  to   space 3072K, 0% used [0x00000000ebf00000,0x00000000ebf00000,0x00000000ec200000)
 ParOldGen       total 68608K, used 43230K [0x00000000c0000000, 0x00000000c4300000, 0x00000000eab00000)
  object space 68608K, 63% used [0x00000000c0000000,0x00000000c2a37800,0x00000000c4300000)
 Metaspace       used 67423K, committed 68480K, reserved 1114112K
  class space    used 7125K, committed 7552K, reserved 1048576K

Card table byte_map: [0x000001f1728a0000,0x000001f172ab0000] _byte_map_base: 0x000001f1722a0000

Marking Bits: (ParMarkBitMap*) 0x00007ffa3033d820
 Begin Bits: [0x000001f175ba0000, 0x000001f176ba0000)
 End Bits:   [0x000001f176ba0000, 0x000001f177ba0000)

Polling page: 0x000001f170ee0000

Metaspace:

Usage:
  Non-class:     58.88 MB used.
      Class:      6.96 MB used.
       Both:     65.84 MB used.

Virtual space:
  Non-class space:       64.00 MB reserved,      59.50 MB ( 93%) committed,  1 nodes.
      Class space:        1.00 GB reserved,       7.38 MB ( <1%) committed,  1 nodes.
             Both:        1.06 GB reserved,      66.88 MB (  6%) committed. 

Chunk freelists:
   Non-Class:  3.62 MB
       Class:  8.44 MB
        Both:  12.06 MB

MaxMetaspaceSize: unlimited
CompressedClassSpaceSize: 1.00 GB
Initial GC threshold: 21.00 MB
Current GC threshold: 97.31 MB
CDS: off
MetaspaceReclaimPolicy: balanced
 - commit_granule_bytes: 65536.
 - commit_granule_words: 8192.
 - virtual_space_node_default_size: 8388608.
 - enlarge_chunks_in_place: 1.
 - new_chunks_are_fully_committed: 0.
 - uncommit_free_chunks: 1.
 - use_allocation_guard: 0.
 - handle_deallocations: 1.


Internal statistics:

num_allocs_failed_limit: 9.
num_arena_births: 668.
num_arena_deaths: 44.
num_vsnodes_births: 2.
num_vsnodes_deaths: 0.
num_space_committed: 1070.
num_space_uncommitted: 0.
num_chunks_returned_to_freelist: 62.
num_chunks_taken_from_freelist: 3341.
num_chunk_merges: 16.
num_chunk_splits: 2127.
num_chunks_enlarged: 1306.
num_inconsistent_stats: 0.

CodeHeap 'non-profiled nmethods': size=120000Kb used=4045Kb max_used=4726Kb free=115954Kb
 bounds [0x000001f107ad0000, 0x000001f107f70000, 0x000001f10f000000]
CodeHeap 'profiled nmethods': size=120000Kb used=14074Kb max_used=15676Kb free=105925Kb
 bounds [0x000001f100000000, 0x000001f100f90000, 0x000001f107530000]
CodeHeap 'non-nmethods': size=5760Kb used=1372Kb max_used=1533Kb free=4387Kb
 bounds [0x000001f107530000, 0x000001f1077a0000, 0x000001f107ad0000]
 total_blobs=7262 nmethods=6550 adapters=624
 compilation: enabled
              stopped_count=0, restarted_count=0
 full_count=0

Compilation events (20 events):
Event: 13.223 Thread 0x000001f17d0c4090 nmethod 7979 0x000001f1002d2710 code [0x000001f1002d28c0, 0x000001f1002d2bf8]
Event: 13.223 Thread 0x000001f17d0c4090 7981       3       lombok.core.configuration.FileSystemSourceCache$1::parsed (13 bytes)
Event: 13.224 Thread 0x000001f17d0c4090 nmethod 7981 0x000001f10003a610 code [0x000001f10003a7c0, 0x000001f10003a968]
Event: 13.224 Thread 0x000001f17d0c4090 7982       3       lombok.permit.Permit::invoke (8 bytes)
Event: 13.224 Thread 0x000001f17d0c4090 nmethod 7982 0x000001f100078390 code [0x000001f100078520, 0x000001f100078648]
Event: 13.224 Thread 0x000001f17d0c4090 7983   !   3       lombok.permit.Permit::invoke (40 bytes)
Event: 13.224 Thread 0x000001f17d0c4090 nmethod 7983 0x000001f1002d0690 code [0x000001f1002d08a0, 0x000001f1002d0ee8]
Event: 13.224 Thread 0x000001f17d0c4090 7984   !   3       lombok.eclipse.EclipseAST::getTopLevelTypeReferenceAnnotations (69 bytes)
Event: 13.225 Thread 0x000001f17d0c4090 nmethod 7984 0x000001f100325a10 code [0x000001f100325ca0, 0x000001f100326638]
Event: 13.225 Thread 0x000001f17d0c4090 7985   !   3       lombok.permit.Permit::get (30 bytes)
Event: 13.226 Thread 0x000001f17d0c4090 nmethod 7985 0x000001f100034d90 code [0x000001f100034fa0, 0x000001f1000353c8]
Event: 13.226 Thread 0x000001f17d0c4090 7986 %     3       org.eclipse.jdt.internal.compiler.lookup.BinaryTypeBinding::createMethod @ 370 (1724 bytes)
Event: 13.239 Thread 0x000001f17d0c4090 nmethod 7986% 0x000001f100affe10 code [0x000001f100b00760, 0x000001f100b08f78]
Event: 13.239 Thread 0x000001f17d0c4090 7989       2       java.util.ArrayList::toArray (57 bytes)
Event: 13.239 Thread 0x000001f17d0c4090 nmethod 7989 0x000001f10005d190 code [0x000001f10005d340, 0x000001f10005d678]
Event: 13.239 Thread 0x000001f17d0c4090 7991       3       org.eclipse.jdt.internal.compiler.util.HashtableOfType::put (113 bytes)
Event: 13.240 Thread 0x000001f17d0c4090 nmethod 7991 0x000001f100160490 code [0x000001f1001606c0, 0x000001f100160fa8]
Event: 13.240 Thread 0x000001f17d0c4090 7990       3       org.eclipse.jdt.internal.compiler.lookup.MethodBinding::<init> (16 bytes)
Event: 13.240 Thread 0x000001f17d0c4090 nmethod 7990 0x000001f1002db810 code [0x000001f1002db9c0, 0x000001f1002dbb28]
Event: 13.240 Thread 0x000001f17d0c4090 7987       3       org.eclipse.jdt.internal.compiler.lookup.SplitPackageBinding::subsumes (54 bytes)

GC Heap History (20 events):
Event: 11.014 GC heap before
{Heap before GC invocations=27 (full 2):
 PSYoungGen      total 18944K, used 18537K [0x00000000eab00000, 0x00000000ec200000, 0x0000000100000000)
  eden space 17920K, 100% used [0x00000000eab00000,0x00000000ebc80000,0x00000000ebc80000)
  from space 1024K, 60% used [0x00000000ec100000,0x00000000ec19a6b0,0x00000000ec200000)
  to   space 2048K, 0% used [0x00000000ebe00000,0x00000000ebe00000,0x00000000ec000000)
 ParOldGen       total 68608K, used 35789K [0x00000000c0000000, 0x00000000c4300000, 0x00000000eab00000)
  object space 68608K, 52% used [0x00000000c0000000,0x00000000c22f37a0,0x00000000c4300000)
 Metaspace       used 56310K, committed 57344K, reserved 1114112K
  class space    used 6073K, committed 6528K, reserved 1048576K
}
Event: 11.015 GC heap after
{Heap after GC invocations=27 (full 2):
 PSYoungGen      total 19968K, used 416K [0x00000000eab00000, 0x00000000ec180000, 0x0000000100000000)
  eden space 17920K, 0% used [0x00000000eab00000,0x00000000eab00000,0x00000000ebc80000)
  from space 2048K, 20% used [0x00000000ebe00000,0x00000000ebe68000,0x00000000ec000000)
  to   space 1024K, 0% used [0x00000000ec080000,0x00000000ec080000,0x00000000ec180000)
 ParOldGen       total 68608K, used 36398K [0x00000000c0000000, 0x00000000c4300000, 0x00000000eab00000)
  object space 68608K, 53% used [0x00000000c0000000,0x00000000c238bb88,0x00000000c4300000)
 Metaspace       used 56310K, committed 57344K, reserved 1114112K
  class space    used 6073K, committed 6528K, reserved 1048576K
}
Event: 11.174 GC heap before
{Heap before GC invocations=28 (full 2):
 PSYoungGen      total 19968K, used 18336K [0x00000000eab00000, 0x00000000ec180000, 0x0000000100000000)
  eden space 17920K, 100% used [0x00000000eab00000,0x00000000ebc80000,0x00000000ebc80000)
  from space 2048K, 20% used [0x00000000ebe00000,0x00000000ebe68000,0x00000000ec000000)
  to   space 1024K, 0% used [0x00000000ec080000,0x00000000ec080000,0x00000000ec180000)
 ParOldGen       total 68608K, used 36398K [0x00000000c0000000, 0x00000000c4300000, 0x00000000eab00000)
  object space 68608K, 53% used [0x00000000c0000000,0x00000000c238bb88,0x00000000c4300000)
 Metaspace       used 56986K, committed 57920K, reserved 1114112K
  class space    used 6128K, committed 6528K, reserved 1048576K
}
Event: 11.177 GC heap after
{Heap after GC invocations=28 (full 2):
 PSYoungGen      total 18944K, used 1001K [0x00000000eab00000, 0x00000000ec180000, 0x0000000100000000)
  eden space 17920K, 0% used [0x00000000eab00000,0x00000000eab00000,0x00000000ebc80000)
  from space 1024K, 97% used [0x00000000ec080000,0x00000000ec17a5b0,0x00000000ec180000)
  to   space 2560K, 0% used [0x00000000ebc80000,0x00000000ebc80000,0x00000000ebf00000)
 ParOldGen       total 68608K, used 37213K [0x00000000c0000000, 0x00000000c4300000, 0x00000000eab00000)
  object space 68608K, 54% used [0x00000000c0000000,0x00000000c2457600,0x00000000c4300000)
 Metaspace       used 56986K, committed 57920K, reserved 1114112K
  class space    used 6128K, committed 6528K, reserved 1048576K
}
Event: 11.256 GC heap before
{Heap before GC invocations=29 (full 2):
 PSYoungGen      total 18944K, used 18921K [0x00000000eab00000, 0x00000000ec180000, 0x0000000100000000)
  eden space 17920K, 100% used [0x00000000eab00000,0x00000000ebc80000,0x00000000ebc80000)
  from space 1024K, 97% used [0x00000000ec080000,0x00000000ec17a5b0,0x00000000ec180000)
  to   space 2560K, 0% used [0x00000000ebc80000,0x00000000ebc80000,0x00000000ebf00000)
 ParOldGen       total 68608K, used 37213K [0x00000000c0000000, 0x00000000c4300000, 0x00000000eab00000)
  object space 68608K, 54% used [0x00000000c0000000,0x00000000c2457600,0x00000000c4300000)
 Metaspace       used 57000K, committed 57984K, reserved 1114112K
  class space    used 6128K, committed 6528K, reserved 1048576K
}
Event: 11.257 GC heap after
{Heap after GC invocations=29 (full 2):
 PSYoungGen      total 20480K, used 439K [0x00000000eab00000, 0x00000000ec100000, 0x0000000100000000)
  eden space 17920K, 0% used [0x00000000eab00000,0x00000000eab00000,0x00000000ebc80000)
  from space 2560K, 17% used [0x00000000ebc80000,0x00000000ebcedca8,0x00000000ebf00000)
  to   space 1024K, 0% used [0x00000000ec000000,0x00000000ec000000,0x00000000ec100000)
 ParOldGen       total 68608K, used 37333K [0x00000000c0000000, 0x00000000c4300000, 0x00000000eab00000)
  object space 68608K, 54% used [0x00000000c0000000,0x00000000c2475600,0x00000000c4300000)
 Metaspace       used 57000K, committed 57984K, reserved 1114112K
  class space    used 6128K, committed 6528K, reserved 1048576K
}
Event: 11.596 GC heap before
{Heap before GC invocations=30 (full 2):
 PSYoungGen      total 20480K, used 15119K [0x00000000eab00000, 0x00000000ec100000, 0x0000000100000000)
  eden space 17920K, 81% used [0x00000000eab00000,0x00000000eb956328,0x00000000ebc80000)
  from space 2560K, 17% used [0x00000000ebc80000,0x00000000ebcedca8,0x00000000ebf00000)
  to   space 1024K, 0% used [0x00000000ec000000,0x00000000ec000000,0x00000000ec100000)
 ParOldGen       total 68608K, used 37333K [0x00000000c0000000, 0x00000000c4300000, 0x00000000eab00000)
  object space 68608K, 54% used [0x00000000c0000000,0x00000000c2475600,0x00000000c4300000)
 Metaspace       used 58853K, committed 59776K, reserved 1114112K
  class space    used 6270K, committed 6656K, reserved 1048576K
}
Event: 11.598 GC heap after
{Heap after GC invocations=30 (full 2):
 PSYoungGen      total 18432K, used 384K [0x00000000eab00000, 0x00000000ec080000, 0x0000000100000000)
  eden space 17920K, 0% used [0x00000000eab00000,0x00000000eab00000,0x00000000ebc80000)
  from space 512K, 75% used [0x00000000ec000000,0x00000000ec060000,0x00000000ec080000)
  to   space 512K, 0% used [0x00000000ebf80000,0x00000000ebf80000,0x00000000ec000000)
 ParOldGen       total 68608K, used 37357K [0x00000000c0000000, 0x00000000c4300000, 0x00000000eab00000)
  object space 68608K, 54% used [0x00000000c0000000,0x00000000c247b600,0x00000000c4300000)
 Metaspace       used 58853K, committed 59776K, reserved 1114112K
  class space    used 6270K, committed 6656K, reserved 1048576K
}
Event: 11.598 GC heap before
{Heap before GC invocations=31 (full 3):
 PSYoungGen      total 18432K, used 384K [0x00000000eab00000, 0x00000000ec080000, 0x0000000100000000)
  eden space 17920K, 0% used [0x00000000eab00000,0x00000000eab00000,0x00000000ebc80000)
  from space 512K, 75% used [0x00000000ec000000,0x00000000ec060000,0x00000000ec080000)
  to   space 512K, 0% used [0x00000000ebf80000,0x00000000ebf80000,0x00000000ec000000)
 ParOldGen       total 68608K, used 37357K [0x00000000c0000000, 0x00000000c4300000, 0x00000000eab00000)
  object space 68608K, 54% used [0x00000000c0000000,0x00000000c247b600,0x00000000c4300000)
 Metaspace       used 58853K, committed 59776K, reserved 1114112K
  class space    used 6270K, committed 6656K, reserved 1048576K
}
Event: 11.669 GC heap after
{Heap after GC invocations=31 (full 3):
 PSYoungGen      total 18432K, used 0K [0x00000000eab00000, 0x00000000ec080000, 0x0000000100000000)
  eden space 17920K, 0% used [0x00000000eab00000,0x00000000eab00000,0x00000000ebc80000)
  from space 512K, 0% used [0x00000000ec000000,0x00000000ec000000,0x00000000ec080000)
  to   space 512K, 0% used [0x00000000ebf80000,0x00000000ebf80000,0x00000000ec000000)
 ParOldGen       total 68608K, used 35430K [0x00000000c0000000, 0x00000000c4300000, 0x00000000eab00000)
  object space 68608K, 51% used [0x00000000c0000000,0x00000000c2299bb0,0x00000000c4300000)
 Metaspace       used 58826K, committed 59776K, reserved 1114112K
  class space    used 6263K, committed 6656K, reserved 1048576K
}
Event: 12.005 GC heap before
{Heap before GC invocations=32 (full 3):
 PSYoungGen      total 18432K, used 17919K [0x00000000eab00000, 0x00000000ec080000, 0x0000000100000000)
  eden space 17920K, 99% used [0x00000000eab00000,0x00000000ebc7fff0,0x00000000ebc80000)
  from space 512K, 0% used [0x00000000ec000000,0x00000000ec000000,0x00000000ec080000)
  to   space 512K, 0% used [0x00000000ebf80000,0x00000000ebf80000,0x00000000ec000000)
 ParOldGen       total 68608K, used 35430K [0x00000000c0000000, 0x00000000c4300000, 0x00000000eab00000)
  object space 68608K, 51% used [0x00000000c0000000,0x00000000c2299bb0,0x00000000c4300000)
 Metaspace       used 60703K, committed 61696K, reserved 1114112K
  class space    used 6474K, committed 6912K, reserved 1048576K
}
Event: 12.007 GC heap after
{Heap after GC invocations=32 (full 3):
 PSYoungGen      total 18432K, used 503K [0x00000000eab00000, 0x00000000ec080000, 0x0000000100000000)
  eden space 17920K, 0% used [0x00000000eab00000,0x00000000eab00000,0x00000000ebc80000)
  from space 512K, 98% used [0x00000000ebf80000,0x00000000ebffdfc8,0x00000000ec000000)
  to   space 512K, 0% used [0x00000000ec000000,0x00000000ec000000,0x00000000ec080000)
 ParOldGen       total 68608K, used 35619K [0x00000000c0000000, 0x00000000c4300000, 0x00000000eab00000)
  object space 68608K, 51% used [0x00000000c0000000,0x00000000c22c8f40,0x00000000c4300000)
 Metaspace       used 60703K, committed 61696K, reserved 1114112K
  class space    used 6474K, committed 6912K, reserved 1048576K
}
Event: 12.431 GC heap before
{Heap before GC invocations=33 (full 3):
 PSYoungGen      total 18432K, used 18423K [0x00000000eab00000, 0x00000000ec080000, 0x0000000100000000)
  eden space 17920K, 100% used [0x00000000eab00000,0x00000000ebc80000,0x00000000ebc80000)
  from space 512K, 98% used [0x00000000ebf80000,0x00000000ebffdfc8,0x00000000ec000000)
  to   space 512K, 0% used [0x00000000ec000000,0x00000000ec000000,0x00000000ec080000)
 ParOldGen       total 68608K, used 35619K [0x00000000c0000000, 0x00000000c4300000, 0x00000000eab00000)
  object space 68608K, 51% used [0x00000000c0000000,0x00000000c22c8f40,0x00000000c4300000)
 Metaspace       used 62600K, committed 63680K, reserved 1114112K
  class space    used 6655K, committed 7104K, reserved 1048576K
}
Event: 12.433 GC heap after
{Heap after GC invocations=33 (full 3):
 PSYoungGen      total 18432K, used 502K [0x00000000eab00000, 0x00000000ec380000, 0x0000000100000000)
  eden space 17920K, 0% used [0x00000000eab00000,0x00000000eab00000,0x00000000ebc80000)
  from space 512K, 98% used [0x00000000ec000000,0x00000000ec07da78,0x00000000ec080000)
  to   space 3584K, 0% used [0x00000000ebc80000,0x00000000ebc80000,0x00000000ec000000)
 ParOldGen       total 68608K, used 38091K [0x00000000c0000000, 0x00000000c4300000, 0x00000000eab00000)
  object space 68608K, 55% used [0x00000000c0000000,0x00000000c2532c60,0x00000000c4300000)
 Metaspace       used 62600K, committed 63680K, reserved 1114112K
  class space    used 6655K, committed 7104K, reserved 1048576K
}
Event: 12.753 GC heap before
{Heap before GC invocations=34 (full 3):
 PSYoungGen      total 18432K, used 18398K [0x00000000eab00000, 0x00000000ec380000, 0x0000000100000000)
  eden space 17920K, 99% used [0x00000000eab00000,0x00000000ebc79df8,0x00000000ebc80000)
  from space 512K, 98% used [0x00000000ec000000,0x00000000ec07da78,0x00000000ec080000)
  to   space 3584K, 0% used [0x00000000ebc80000,0x00000000ebc80000,0x00000000ec000000)
 ParOldGen       total 68608K, used 38091K [0x00000000c0000000, 0x00000000c4300000, 0x00000000eab00000)
  object space 68608K, 55% used [0x00000000c0000000,0x00000000c2532c60,0x00000000c4300000)
 Metaspace       used 64162K, committed 65216K, reserved 1114112K
  class space    used 6837K, committed 7296K, reserved 1048576K
}
Event: 12.756 GC heap after
{Heap after GC invocations=34 (full 3):
 PSYoungGen      total 20480K, used 2530K [0x00000000eab00000, 0x00000000ec280000, 0x0000000100000000)
  eden space 17920K, 0% used [0x00000000eab00000,0x00000000eab00000,0x00000000ebc80000)
  from space 2560K, 98% used [0x00000000ebc80000,0x00000000ebef8a10,0x00000000ebf00000)
  to   space 3072K, 0% used [0x00000000ebf80000,0x00000000ebf80000,0x00000000ec280000)
 ParOldGen       total 68608K, used 38641K [0x00000000c0000000, 0x00000000c4300000, 0x00000000eab00000)
  object space 68608K, 56% used [0x00000000c0000000,0x00000000c25bc7d0,0x00000000c4300000)
 Metaspace       used 64162K, committed 65216K, reserved 1114112K
  class space    used 6837K, committed 7296K, reserved 1048576K
}
Event: 12.982 GC heap before
{Heap before GC invocations=35 (full 3):
 PSYoungGen      total 20480K, used 20450K [0x00000000eab00000, 0x00000000ec280000, 0x0000000100000000)
  eden space 17920K, 100% used [0x00000000eab00000,0x00000000ebc80000,0x00000000ebc80000)
  from space 2560K, 98% used [0x00000000ebc80000,0x00000000ebef8a10,0x00000000ebf00000)
  to   space 3072K, 0% used [0x00000000ebf80000,0x00000000ebf80000,0x00000000ec280000)
 ParOldGen       total 68608K, used 38641K [0x00000000c0000000, 0x00000000c4300000, 0x00000000eab00000)
  object space 68608K, 56% used [0x00000000c0000000,0x00000000c25bc7d0,0x00000000c4300000)
 Metaspace       used 65747K, committed 66752K, reserved 1114112K
  class space    used 6982K, committed 7360K, reserved 1048576K
}
Event: 12.987 GC heap after
{Heap after GC invocations=35 (full 3):
 PSYoungGen      total 20480K, used 3052K [0x00000000eab00000, 0x00000000ec380000, 0x0000000100000000)
  eden space 17408K, 0% used [0x00000000eab00000,0x00000000eab00000,0x00000000ebc00000)
  from space 3072K, 99% used [0x00000000ebf80000,0x00000000ec27b368,0x00000000ec280000)
  to   space 3584K, 0% used [0x00000000ebc00000,0x00000000ebc00000,0x00000000ebf80000)
 ParOldGen       total 68608K, used 41052K [0x00000000c0000000, 0x00000000c4300000, 0x00000000eab00000)
  object space 68608K, 59% used [0x00000000c0000000,0x00000000c2817208,0x00000000c4300000)
 Metaspace       used 65747K, committed 66752K, reserved 1114112K
  class space    used 6982K, committed 7360K, reserved 1048576K
}
Event: 13.125 GC heap before
{Heap before GC invocations=36 (full 3):
 PSYoungGen      total 20480K, used 20460K [0x00000000eab00000, 0x00000000ec380000, 0x0000000100000000)
  eden space 17408K, 100% used [0x00000000eab00000,0x00000000ebc00000,0x00000000ebc00000)
  from space 3072K, 99% used [0x00000000ebf80000,0x00000000ec27b368,0x00000000ec280000)
  to   space 3584K, 0% used [0x00000000ebc00000,0x00000000ebc00000,0x00000000ebf80000)
 ParOldGen       total 68608K, used 41052K [0x00000000c0000000, 0x00000000c4300000, 0x00000000eab00000)
  object space 68608K, 59% used [0x00000000c0000000,0x00000000c2817208,0x00000000c4300000)
 Metaspace       used 66372K, committed 67456K, reserved 1114112K
  class space    used 7029K, committed 7488K, reserved 1048576K
}
Event: 13.128 GC heap after
{Heap after GC invocations=36 (full 3):
 PSYoungGen      total 20480K, used 2798K [0x00000000eab00000, 0x00000000ec200000, 0x0000000100000000)
  eden space 17408K, 0% used [0x00000000eab00000,0x00000000eab00000,0x00000000ebc00000)
  from space 3072K, 91% used [0x00000000ebc00000,0x00000000ebebbab8,0x00000000ebf00000)
  to   space 3072K, 0% used [0x00000000ebf00000,0x00000000ebf00000,0x00000000ec200000)
 ParOldGen       total 68608K, used 43230K [0x00000000c0000000, 0x00000000c4300000, 0x00000000eab00000)
  object space 68608K, 63% used [0x00000000c0000000,0x00000000c2a37800,0x00000000c4300000)
 Metaspace       used 66372K, committed 67456K, reserved 1114112K
  class space    used 7029K, committed 7488K, reserved 1048576K
}

Dll operation events (11 events):
Event: 0.019 Loaded shared library c:\Users\User\.vscode\extensions\redhat.java-1.31.0-win32-x64\jre\17.0.11-win32-x86_64\bin\java.dll
Event: 0.414 Loaded shared library c:\Users\User\.vscode\extensions\redhat.java-1.31.0-win32-x64\jre\17.0.11-win32-x86_64\bin\zip.dll
Event: 0.418 Loaded shared library C:\Users\User\.vscode\extensions\redhat.java-1.31.0-win32-x64\jre\17.0.11-win32-x86_64\bin\instrument.dll
Event: 0.448 Loaded shared library C:\Users\User\.vscode\extensions\redhat.java-1.31.0-win32-x64\jre\17.0.11-win32-x86_64\bin\net.dll
Event: 0.450 Loaded shared library C:\Users\User\.vscode\extensions\redhat.java-1.31.0-win32-x64\jre\17.0.11-win32-x86_64\bin\nio.dll
Event: 0.460 Loaded shared library C:\Users\User\.vscode\extensions\redhat.java-1.31.0-win32-x64\jre\17.0.11-win32-x86_64\bin\zip.dll
Event: 0.483 Loaded shared library C:\Users\User\.vscode\extensions\redhat.java-1.31.0-win32-x64\jre\17.0.11-win32-x86_64\bin\jimage.dll
Event: 0.581 Loaded shared library c:\Users\User\.vscode\extensions\redhat.java-1.31.0-win32-x64\jre\17.0.11-win32-x86_64\bin\verify.dll
Event: 2.986 Loaded shared library C:\Users\User\AppData\Roaming\Code\User\globalStorage\redhat.java\1.31.0\config_win\org.eclipse.equinox.launcher\org.eclipse.equinox.launcher.win32.win32.x86_64_1.2.1000.v20240507-1834\eclipse_11902.dll
Event: 6.598 Loaded shared library C:\Users\User\AppData\Local\Temp\jna-2645995\jna13704558014967421148.dll
Event: 12.977 Loaded shared library C:\Users\User\.vscode\extensions\redhat.java-1.31.0-win32-x64\jre\17.0.11-win32-x86_64\bin\sunmscapi.dll

Deoptimization events (20 events):
Event: 13.135 Thread 0x000001f110a36170 DEOPT PACKING pc=0x000001f107e8c970 sp=0x000000394fef82d0
Event: 13.135 Thread 0x000001f110a36170 DEOPT UNPACKING pc=0x000001f107589ea3 sp=0x000000394fef8218 mode 2
Event: 13.162 Thread 0x000001f110a36170 Uncommon trap: trap_request=0xffffff45 fr.pc=0x000001f107f61c00 relative=0x00000000000036a0
Event: 13.162 Thread 0x000001f110a36170 Uncommon trap: reason=unstable_if action=reinterpret pc=0x000001f107f61c00 method=org.eclipse.jdt.internal.compiler.parser.Parser.consumeRule(I)V @ 1 c2
Event: 13.162 Thread 0x000001f110a36170 DEOPT PACKING pc=0x000001f107f61c00 sp=0x000000394fefde30
Event: 13.162 Thread 0x000001f110a36170 DEOPT UNPACKING pc=0x000001f107589ea3 sp=0x000000394fefddd0 mode 2
Event: 13.201 Thread 0x000001f17eee1b20 DEOPT PACKING pc=0x000001f100c7a315 sp=0x000000394e9fdfd0
Event: 13.201 Thread 0x000001f17eee1b20 DEOPT UNPACKING pc=0x000001f10758a9e3 sp=0x000000394e9fd570 mode 0
Event: 13.207 Thread 0x000001f17eee1b20 Uncommon trap: trap_request=0xffffffdc fr.pc=0x000001f107f6821c relative=0x000000000000027c
Event: 13.207 Thread 0x000001f17eee1b20 Uncommon trap: reason=class_check action=make_not_entrant pc=0x000001f107f6821c method=java.util.ArrayList.toArray([Ljava/lang/Object;)[Ljava/lang/Object; @ 21 c2
Event: 13.207 Thread 0x000001f17eee1b20 DEOPT PACKING pc=0x000001f107f6821c sp=0x000000394e9fe8c0
Event: 13.207 Thread 0x000001f17eee1b20 DEOPT UNPACKING pc=0x000001f107589ea3 sp=0x000000394e9fe890 mode 2
Event: 13.215 Thread 0x000001f17eee1b20 Uncommon trap: trap_request=0xffffff45 fr.pc=0x000001f107f4db84 relative=0x0000000000009724
Event: 13.215 Thread 0x000001f17eee1b20 Uncommon trap: reason=unstable_if action=reinterpret pc=0x000001f107f4db84 method=org.eclipse.jdt.internal.compiler.classfmt.MethodInfo.getExceptionTypeNames()[[C @ 4 c2
Event: 13.215 Thread 0x000001f17eee1b20 DEOPT PACKING pc=0x000001f107f4db84 sp=0x000000394e9fe160
Event: 13.215 Thread 0x000001f17eee1b20 DEOPT UNPACKING pc=0x000001f107589ea3 sp=0x000000394e9fe100 mode 2
Event: 13.231 Thread 0x000001f110a37fd0 Uncommon trap: trap_request=0xffffff45 fr.pc=0x000001f107f26548 relative=0x0000000000002ea8
Event: 13.231 Thread 0x000001f110a37fd0 Uncommon trap: reason=unstable_if action=reinterpret pc=0x000001f107f26548 method=org.eclipse.jdt.internal.compiler.parser.Scanner.getNextToken0()I @ 489 c2
Event: 13.231 Thread 0x000001f110a37fd0 DEOPT PACKING pc=0x000001f107f26548 sp=0x000000394fbfdaa0
Event: 13.231 Thread 0x000001f110a37fd0 DEOPT UNPACKING pc=0x000001f107589ea3 sp=0x000000394fbfda18 mode 2

Classes unloaded (20 events):
Event: 6.387 Thread 0x000001f17d020c20 Unloading class 0x000000010024fc00 'java/lang/invoke/LambdaForm$MH+0x000000010024fc00'
Event: 6.387 Thread 0x000001f17d020c20 Unloading class 0x000000010024f800 'java/lang/invoke/LambdaForm$MH+0x000000010024f800'
Event: 6.387 Thread 0x000001f17d020c20 Unloading class 0x000000010024f400 'java/lang/invoke/LambdaForm$BMH+0x000000010024f400'
Event: 6.387 Thread 0x000001f17d020c20 Unloading class 0x000000010024f000 'java/lang/invoke/LambdaForm$DMH+0x000000010024f000'
Event: 6.387 Thread 0x000001f17d020c20 Unloading class 0x000000010024c400 'java/lang/invoke/LambdaForm$DMH+0x000000010024c400'
Event: 11.609 Thread 0x000001f17d020c20 Unloading class 0x00000001003a2c00 'java/lang/invoke/LambdaForm$MH+0x00000001003a2c00'
Event: 11.609 Thread 0x000001f17d020c20 Unloading class 0x00000001003a2000 'java/lang/invoke/LambdaForm$MH+0x00000001003a2000'
Event: 11.609 Thread 0x000001f17d020c20 Unloading class 0x00000001003a1800 'java/lang/invoke/LambdaForm$MH+0x00000001003a1800'
Event: 11.609 Thread 0x000001f17d020c20 Unloading class 0x00000001003a1000 'java/lang/invoke/LambdaForm$MH+0x00000001003a1000'
Event: 11.609 Thread 0x000001f17d020c20 Unloading class 0x00000001003a0c00 'java/lang/invoke/LambdaForm$DMH+0x00000001003a0c00'
Event: 11.609 Thread 0x000001f17d020c20 Unloading class 0x00000001003a0000 'java/lang/invoke/LambdaForm$MH+0x00000001003a0000'
Event: 11.609 Thread 0x000001f17d020c20 Unloading class 0x000000010039fc00 'java/lang/invoke/LambdaForm$MH+0x000000010039fc00'
Event: 11.609 Thread 0x000001f17d020c20 Unloading class 0x000000010039b000 'java/lang/invoke/LambdaForm$MH+0x000000010039b000'
Event: 11.609 Thread 0x000001f17d020c20 Unloading class 0x000000010039a800 'java/lang/invoke/LambdaForm$MH+0x000000010039a800'
Event: 11.609 Thread 0x000001f17d020c20 Unloading class 0x000000010039a000 'java/lang/invoke/LambdaForm$MH+0x000000010039a000'
Event: 11.609 Thread 0x000001f17d020c20 Unloading class 0x0000000100399c00 'java/lang/invoke/LambdaForm$MH+0x0000000100399c00'
Event: 11.609 Thread 0x000001f17d020c20 Unloading class 0x0000000100399400 'java/lang/invoke/LambdaForm$MH+0x0000000100399400'
Event: 11.609 Thread 0x000001f17d020c20 Unloading class 0x0000000100398800 'java/lang/invoke/LambdaForm$MH+0x0000000100398800'
Event: 11.609 Thread 0x000001f17d020c20 Unloading class 0x0000000100398400 'java/lang/invoke/LambdaForm$DMH+0x0000000100398400'
Event: 11.609 Thread 0x000001f17d020c20 Unloading class 0x0000000100391400 'java/lang/invoke/LambdaForm$DMH+0x0000000100391400'

Classes redefined (0 events):
No events

Internal exceptions (20 events):
Event: 12.965 Thread 0x000001f110a35c60 Exception <a 'sun/nio/fs/WindowsException'{0x00000000eb972420}> (0x00000000eb972420) 
thrown [s\src\hotspot\share\prims\jni.cpp, line 516]
Event: 12.970 Thread 0x000001f17eee0bf0 Exception <a 'sun/nio/fs/WindowsException'{0x00000000eb858e68}> (0x00000000eb858e68) 
thrown [s\src\hotspot\share\prims\jni.cpp, line 516]
Event: 12.970 Thread 0x000001f17eee0bf0 Exception <a 'sun/nio/fs/WindowsException'{0x00000000eb859670}> (0x00000000eb859670) 
thrown [s\src\hotspot\share\prims\jni.cpp, line 516]
Event: 12.970 Thread 0x000001f17eee0bf0 Exception <a 'sun/nio/fs/WindowsException'{0x00000000eb85a748}> (0x00000000eb85a748) 
thrown [s\src\hotspot\share\prims\jni.cpp, line 516]
Event: 12.970 Thread 0x000001f17eee0bf0 Exception <a 'sun/nio/fs/WindowsException'{0x00000000eb85af50}> (0x00000000eb85af50) 
thrown [s\src\hotspot\share\prims\jni.cpp, line 516]
Event: 12.972 Thread 0x000001f17eee0bf0 Exception <a 'sun/nio/fs/WindowsException'{0x00000000eb85c730}> (0x00000000eb85c730) 
thrown [s\src\hotspot\share\prims\jni.cpp, line 516]
Event: 12.972 Thread 0x000001f17eee0bf0 Exception <a 'sun/nio/fs/WindowsException'{0x00000000eb85cf38}> (0x00000000eb85cf38) 
thrown [s\src\hotspot\share\prims\jni.cpp, line 516]
Event: 12.994 Thread 0x000001f17eee0bf0 Exception <a 'sun/nio/fs/WindowsException'{0x00000000eac3c378}> (0x00000000eac3c378) 
thrown [s\src\hotspot\share\prims\jni.cpp, line 516]
Event: 12.994 Thread 0x000001f17eee0bf0 Exception <a 'sun/nio/fs/WindowsException'{0x00000000eac3cb80}> (0x00000000eac3cb80) 
thrown [s\src\hotspot\share\prims\jni.cpp, line 516]
Event: 12.994 Thread 0x000001f17eee0bf0 Exception <a 'sun/nio/fs/WindowsException'{0x00000000eac3dc58}> (0x00000000eac3dc58) 
thrown [s\src\hotspot\share\prims\jni.cpp, line 516]
Event: 12.994 Thread 0x000001f17eee0bf0 Exception <a 'sun/nio/fs/WindowsException'{0x00000000eac3e460}> (0x00000000eac3e460) 
thrown [s\src\hotspot\share\prims\jni.cpp, line 516]
Event: 12.996 Thread 0x000001f17eee0bf0 Exception <a 'sun/nio/fs/WindowsException'{0x00000000eaca5f88}> (0x00000000eaca5f88) 
thrown [s\src\hotspot\share\prims\jni.cpp, line 516]
Event: 12.996 Thread 0x000001f17eee0bf0 Exception <a 'sun/nio/fs/WindowsException'{0x00000000eaca6790}> (0x00000000eaca6790) 
thrown [s\src\hotspot\share\prims\jni.cpp, line 516]
Event: 13.004 Thread 0x000001f17eee0bf0 Exception <a 'sun/nio/fs/WindowsException'{0x00000000eaf56a78}> (0x00000000eaf56a78) 
thrown [s\src\hotspot\share\prims\jni.cpp, line 516]
Event: 13.004 Thread 0x000001f17eee0bf0 Exception <a 'sun/nio/fs/WindowsException'{0x00000000eaf57280}> (0x00000000eaf57280) 
thrown [s\src\hotspot\share\prims\jni.cpp, line 516]
Event: 13.005 Thread 0x000001f17eee0bf0 Exception <a 'sun/nio/fs/WindowsException'{0x00000000eaf58358}> (0x00000000eaf58358) 
thrown [s\src\hotspot\share\prims\jni.cpp, line 516]
Event: 13.005 Thread 0x000001f17eee0bf0 Exception <a 'sun/nio/fs/WindowsException'{0x00000000eaf58b60}> (0x00000000eaf58b60) 
thrown [s\src\hotspot\share\prims\jni.cpp, line 516]
Event: 13.014 Thread 0x000001f17eee0bf0 Exception <a 'sun/nio/fs/WindowsException'{0x00000000eaf5a320}> (0x00000000eaf5a320) 
thrown [s\src\hotspot\share\prims\jni.cpp, line 516]
Event: 13.014 Thread 0x000001f17eee0bf0 Exception <a 'sun/nio/fs/WindowsException'{0x00000000eaf5ab28}> (0x00000000eaf5ab28) 
thrown [s\src\hotspot\share\prims\jni.cpp, line 516]
Event: 13.072 Thread 0x000001f110a36b90 Exception <a 'sun/nio/fs/WindowsException'{0x00000000eb61d1a8}> (0x00000000eb61d1a8) 
thrown [s\src\hotspot\share\prims\jni.cpp, line 516]

VM Operations (20 events):
Event: 12.967 Executing VM operation: HandshakeAllThreads
Event: 12.967 Executing VM operation: HandshakeAllThreads done
Event: 12.969 Executing VM operation: HandshakeAllThreads
Event: 12.969 Executing VM operation: HandshakeAllThreads done
Event: 12.971 Executing VM operation: HandshakeAllThreads
Event: 12.971 Executing VM operation: HandshakeAllThreads done
Event: 12.982 Executing VM operation: ParallelGCFailedAllocation
Event: 12.990 Executing VM operation: ParallelGCFailedAllocation done
Event: 13.015 Executing VM operation: HandshakeAllThreads
Event: 13.024 Executing VM operation: HandshakeAllThreads done
Event: 13.074 Executing VM operation: HandshakeAllThreads
Event: 13.081 Executing VM operation: HandshakeAllThreads done
Event: 13.121 Executing VM operation: ParallelGCFailedAllocation
Event: 13.134 Executing VM operation: ParallelGCFailedAllocation done
Event: 13.158 Executing VM operation: HandshakeAllThreads
Event: 13.158 Executing VM operation: HandshakeAllThreads done
Event: 13.175 Executing VM operation: HandshakeAllThreads
Event: 13.183 Executing VM operation: HandshakeAllThreads done
Event: 13.231 Executing VM operation: HandshakeAllThreads
Event: 13.238 Executing VM operation: HandshakeAllThreads done

Events (20 events):
Event: 13.240 Thread 0x000001f17d0c8d70 flushing nmethod 0x000001f107db9910
Event: 13.240 Thread 0x000001f17d0c8d70 flushing nmethod 0x000001f107dce510
Event: 13.240 Thread 0x000001f17d0c8d70 flushing nmethod 0x000001f107ddc910
Event: 13.240 Thread 0x000001f17d0c8d70 flushing nmethod 0x000001f107de4290
Event: 13.240 Thread 0x000001f17d0c8d70 flushing nmethod 0x000001f107df9810
Event: 13.240 Thread 0x000001f17d0c8d70 flushing nmethod 0x000001f107dfea90
Event: 13.240 Thread 0x000001f17d0c8d70 flushing nmethod 0x000001f107e03910
Event: 13.240 Thread 0x000001f17d0c8d70 flushing nmethod 0x000001f107e11910
Event: 13.240 Thread 0x000001f17d0c8d70 flushing nmethod 0x000001f107e50110
Event: 13.240 Thread 0x000001f17d0c8d70 flushing nmethod 0x000001f107e53690
Event: 13.240 Thread 0x000001f17d0c8d70 flushing nmethod 0x000001f107e73010
Event: 13.240 Thread 0x000001f17d0c8d70 flushing nmethod 0x000001f107e75010
Event: 13.240 Thread 0x000001f17d0c8d70 flushing nmethod 0x000001f107e84b10
Event: 13.240 Thread 0x000001f17d0c8d70 flushing nmethod 0x000001f107e87f10
Event: 13.240 Thread 0x000001f17d0c8d70 flushing nmethod 0x000001f107e99f90
Event: 13.240 Thread 0x000001f17d0c8d70 flushing nmethod 0x000001f107ea3f10
Event: 13.240 Thread 0x000001f17d0c8d70 flushing nmethod 0x000001f107ed9e10
Event: 13.240 Thread 0x000001f17d0c8d70 flushing nmethod 0x000001f107ee5d90
Event: 13.240 Thread 0x000001f17d0c8d70 flushing nmethod 0x000001f107eedc10
Event: 13.240 Thread 0x000001f17d0c8d70 flushing nmethod 0x000001f107f02710


Dynamic libraries:
0x00007ff759b30000 - 0x00007ff759b3e000 	c:\Users\User\.vscode\extensions\redhat.java-1.31.0-win32-x64\jre\17.0.11-win32-x86_64\bin\java.exe
0x00007ffa6c970000 - 0x00007ffa6cb68000 	C:\WINDOWS\SYSTEM32\ntdll.dll
0x00007ffa6bcf0000 - 0x00007ffa6bdad000 	C:\WINDOWS\System32\KERNEL32.DLL
0x00007ffa6a0f0000 - 0x00007ffa6a3e6000 	C:\WINDOWS\System32\KERNELBASE.dll
0x00007ffa6a520000 - 0x00007ffa6a620000 	C:\WINDOWS\System32\ucrtbase.dll
0x00007ffa62c20000 - 0x00007ffa62c37000 	c:\Users\User\.vscode\extensions\redhat.java-1.31.0-win32-x64\jre\17.0.11-win32-x86_64\bin\jli.dll
0x00007ffa6c050000 - 0x00007ffa6c1ef000 	C:\WINDOWS\System32\USER32.dll
0x00007ffa6a820000 - 0x00007ffa6a842000 	C:\WINDOWS\System32\win32u.dll
0x00007ffa6c020000 - 0x00007ffa6c04b000 	C:\WINDOWS\System32\GDI32.dll
0x00007ffa6a700000 - 0x00007ffa6a817000 	C:\WINDOWS\System32\gdi32full.dll
0x00007ffa6a3f0000 - 0x00007ffa6a48d000 	C:\WINDOWS\System32\msvcp_win.dll
0x00007ffa62e50000 - 0x00007ffa62e6b000 	c:\Users\User\.vscode\extensions\redhat.java-1.31.0-win32-x64\jre\17.0.11-win32-x86_64\bin\VCRUNTIME140.dll
0x00007ffa55620000 - 0x00007ffa558ba000 	C:\WINDOWS\WinSxS\amd64_microsoft.windows.common-controls_6595b64144ccf1df_6.0.19041.4355_none_60b8b9eb71f62e16\COMCTL32.dll
0x00007ffa6be50000 - 0x00007ffa6beee000 	C:\WINDOWS\System32\msvcrt.dll
0x00007ffa6af70000 - 0x00007ffa6af9f000 	C:\WINDOWS\System32\IMM32.DLL
0x00007ffa66250000 - 0x00007ffa6625c000 	c:\Users\User\.vscode\extensions\redhat.java-1.31.0-win32-x64\jre\17.0.11-win32-x86_64\bin\vcruntime140_1.dll
0x00007ffa3a6b0000 - 0x00007ffa3a73d000 	c:\Users\User\.vscode\extensions\redhat.java-1.31.0-win32-x64\jre\17.0.11-win32-x86_64\bin\msvcp140.dll
0x00007ffa2f7a0000 - 0x00007ffa30402000 	c:\Users\User\.vscode\extensions\redhat.java-1.31.0-win32-x64\jre\17.0.11-win32-x86_64\bin\server\jvm.dll
0x00007ffa6ba00000 - 0x00007ffa6bab0000 	C:\WINDOWS\System32\ADVAPI32.dll
0x00007ffa6bdb0000 - 0x00007ffa6be50000 	C:\WINDOWS\System32\sechost.dll
0x00007ffa6b8d0000 - 0x00007ffa6b9f3000 	C:\WINDOWS\System32\RPCRT4.dll
0x00007ffa6a620000 - 0x00007ffa6a647000 	C:\WINDOWS\System32\bcrypt.dll
0x00007ffa69e80000 - 0x00007ffa69ecb000 	C:\WINDOWS\SYSTEM32\POWRPROF.dll
0x00007ffa65b80000 - 0x00007ffa65b89000 	C:\WINDOWS\SYSTEM32\WSOCK32.dll
0x00007ffa6bb10000 - 0x00007ffa6bb7b000 	C:\WINDOWS\System32\WS2_32.dll
0x00007ffa5b610000 - 0x00007ffa5b637000 	C:\WINDOWS\SYSTEM32\WINMM.dll
0x00007ffa62730000 - 0x00007ffa6273a000 	C:\WINDOWS\SYSTEM32\VERSION.dll
0x00007ffa69e60000 - 0x00007ffa69e72000 	C:\WINDOWS\SYSTEM32\UMPDC.dll
0x00007ffa68840000 - 0x00007ffa68852000 	C:\WINDOWS\SYSTEM32\kernel.appcore.dll
0x00007ffa661c0000 - 0x00007ffa661ca000 	c:\Users\User\.vscode\extensions\redhat.java-1.31.0-win32-x64\jre\17.0.11-win32-x86_64\bin\jimage.dll
0x00007ffa67db0000 - 0x00007ffa67f94000 	C:\WINDOWS\SYSTEM32\DBGHELP.DLL
0x00007ffa56a60000 - 0x00007ffa56a94000 	C:\WINDOWS\SYSTEM32\dbgcore.DLL
0x00007ffa6a490000 - 0x00007ffa6a512000 	C:\WINDOWS\System32\bcryptPrimitives.dll
0x00007ffa65cb0000 - 0x00007ffa65cbe000 	c:\Users\User\.vscode\extensions\redhat.java-1.31.0-win32-x64\jre\17.0.11-win32-x86_64\bin\instrument.dll
0x00007ffa58b40000 - 0x00007ffa58b65000 	c:\Users\User\.vscode\extensions\redhat.java-1.31.0-win32-x64\jre\17.0.11-win32-x86_64\bin\java.dll
0x00007ffa60f20000 - 0x00007ffa60f38000 	c:\Users\User\.vscode\extensions\redhat.java-1.31.0-win32-x64\jre\17.0.11-win32-x86_64\bin\zip.dll
0x00007ffa6b020000 - 0x00007ffa6b78c000 	C:\WINDOWS\System32\SHELL32.dll
0x00007ffa68090000 - 0x00007ffa6882d000 	C:\WINDOWS\SYSTEM32\windows.storage.dll
0x00007ffa6ab60000 - 0x00007ffa6aeb3000 	C:\WINDOWS\System32\combase.dll
0x00007ffa69980000 - 0x00007ffa699ae000 	C:\WINDOWS\SYSTEM32\Wldp.dll
0x00007ffa6c860000 - 0x00007ffa6c92d000 	C:\WINDOWS\System32\OLEAUT32.dll
0x00007ffa6bb80000 - 0x00007ffa6bc2d000 	C:\WINDOWS\System32\SHCORE.dll
0x00007ffa6bc90000 - 0x00007ffa6bce5000 	C:\WINDOWS\System32\shlwapi.dll
0x00007ffa69f60000 - 0x00007ffa69f84000 	C:\WINDOWS\SYSTEM32\profapi.dll
0x00007ffa57aa0000 - 0x00007ffa57ab9000 	C:\Users\User\.vscode\extensions\redhat.java-1.31.0-win32-x64\jre\17.0.11-win32-x86_64\bin\net.dll
0x00007ffa621c0000 - 0x00007ffa622ca000 	C:\WINDOWS\SYSTEM32\WINHTTP.dll
0x00007ffa696e0000 - 0x00007ffa6974a000 	C:\WINDOWS\system32\mswsock.dll
0x00007ffa530f0000 - 0x00007ffa53106000 	C:\Users\User\.vscode\extensions\redhat.java-1.31.0-win32-x64\jre\17.0.11-win32-x86_64\bin\nio.dll
0x00007ffa65c10000 - 0x00007ffa65c20000 	c:\Users\User\.vscode\extensions\redhat.java-1.31.0-win32-x64\jre\17.0.11-win32-x86_64\bin\verify.dll
0x00007ffa5a5b0000 - 0x00007ffa5a5f4000 	C:\Users\User\AppData\Roaming\Code\User\globalStorage\redhat.java\1.31.0\config_win\org.eclipse.equinox.launcher\org.eclipse.equinox.launcher.win32.win32.x86_64_1.2.1000.v20240507-1834\eclipse_11902.dll
0x00007ffa6bef0000 - 0x00007ffa6c01b000 	C:\WINDOWS\System32\ole32.dll
0x00007ffa698d0000 - 0x00007ffa698e8000 	C:\WINDOWS\SYSTEM32\CRYPTSP.dll
0x00007ffa69000000 - 0x00007ffa69034000 	C:\WINDOWS\system32\rsaenh.dll
0x00007ffa69f10000 - 0x00007ffa69f3e000 	C:\WINDOWS\SYSTEM32\USERENV.dll
0x00007ffa698f0000 - 0x00007ffa698fc000 	C:\WINDOWS\SYSTEM32\CRYPTBASE.dll
0x00007ffa693c0000 - 0x00007ffa693fb000 	C:\WINDOWS\SYSTEM32\IPHLPAPI.DLL
0x00007ffa6b7a0000 - 0x00007ffa6b7a8000 	C:\WINDOWS\System32\NSI.dll
0x00007ffa63870000 - 0x00007ffa63887000 	C:\WINDOWS\SYSTEM32\dhcpcsvc6.DLL
0x00007ffa63820000 - 0x00007ffa6383d000 	C:\WINDOWS\SYSTEM32\dhcpcsvc.DLL
0x00007ffa69400000 - 0x00007ffa694ca000 	C:\WINDOWS\SYSTEM32\DNSAPI.dll
0x00007ffa52b40000 - 0x00007ffa52b85000 	C:\Users\User\AppData\Local\Temp\jna-2645995\jna13704558014967421148.dll
0x00007ffa6c850000 - 0x00007ffa6c858000 	C:\WINDOWS\System32\PSAPI.DLL
0x00007ffa62e90000 - 0x00007ffa62e9e000 	C:\Users\User\.vscode\extensions\redhat.java-1.31.0-win32-x64\jre\17.0.11-win32-x86_64\bin\sunmscapi.dll
0x00007ffa6a850000 - 0x00007ffa6a9ae000 	C:\WINDOWS\System32\CRYPT32.dll
0x00007ffa699f0000 - 0x00007ffa69a19000 	C:\WINDOWS\SYSTEM32\ncrypt.dll
0x00007ffa699b0000 - 0x00007ffa699eb000 	C:\WINDOWS\SYSTEM32\NTASN1.dll

dbghelp: loaded successfully - version: 4.0.5 - missing functions: none
symbol engine: initialized successfully - sym options: 0x614 - pdb path: .;c:\Users\User\.vscode\extensions\redhat.java-1.31.0-win32-x64\jre\17.0.11-win32-x86_64\bin;C:\WINDOWS\SYSTEM32;C:\WINDOWS\WinSxS\amd64_microsoft.windows.common-controls_6595b64144ccf1df_6.0.19041.4355_none_60b8b9eb71f62e16;c:\Users\User\.vscode\extensions\redhat.java-1.31.0-win32-x64\jre\17.0.11-win32-x86_64\bin\server;C:\Users\User\AppData\Roaming\Code\User\globalStorage\redhat.java\1.31.0\config_win\org.eclipse.equinox.launcher\org.eclipse.equinox.launcher.win32.win32.x86_64_1.2.1000.v20240507-1834;C:\Users\User\AppData\Local\Temp\jna-2645995

VM Arguments:
jvm_args: --add-modules=ALL-SYSTEM --add-opens=java.base/java.util=ALL-UNNAMED --add-opens=java.base/java.lang=ALL-UNNAMED --add-opens=java.base/sun.nio.fs=ALL-UNNAMED -Declipse.application=org.eclipse.jdt.ls.core.id1 -Dosgi.bundles.defaultStartLevel=4 -Declipse.product=org.eclipse.jdt.ls.core.product -Djava.import.generatesMetadataFilesAtProjectRoot=false -DDetectVMInstallationsJob.disabled=true -Dfile.encoding=utf8 -XX:+UseParallelGC -XX:GCTimeRatio=4 -XX:AdaptiveSizePolicyWeight=90 -Dsun.zip.disableMemoryMapping=true -Xmx1G -Xms100m -Xlog:disable -javaagent:c:\Users\User\.vscode\extensions\redhat.java-1.31.0-win32-x64\lombok\lombok-1.18.32.jar -XX:+HeapDumpOnOutOfMemoryError -XX:HeapDumpPath=c:\Users\User\AppData\Roaming\Code\User\workspaceStorage\295cda36362867ee6ae3446f3d0d39f4\redhat.java -Daether.dependencyCollector.impl=bf 
java_command: c:\Users\User\.vscode\extensions\redhat.java-1.31.0-win32-x64\server\plugins\org.eclipse.equinox.launcher_1.6.800.v20240513-1750.jar -configuration c:\Users\User\AppData\Roaming\Code\User\globalStorage\redhat.java\1.31.0\config_win -data c:\Users\User\AppData\Roaming\Code\User\workspaceStorage\295cda36362867ee6ae3446f3d0d39f4\redhat.java\jdt_ws --pipe=\\.\pipe\lsp-1677ca0cd2f889e93403d29a5ce5ad0c-sock
java_class_path (initial): c:\Users\User\.vscode\extensions\redhat.java-1.31.0-win32-x64\server\plugins\org.eclipse.equinox.launcher_1.6.800.v20240513-1750.jar
Launcher Type: SUN_STANDARD

[Global flags]
    uintx AdaptiveSizePolicyWeight                 = 90                                        {product} {command line}
     intx CICompilerCount                          = 4                                         {product} {ergonomic}
    uintx GCTimeRatio                              = 4                                         {product} {command line}
     bool HeapDumpOnOutOfMemoryError               = true                                   {manageable} {command line}
    ccstr HeapDumpPath                             = c:\Users\User\AppData\Roaming\Code\User\workspaceStorage\295cda36362867ee6ae3446f3d0d39f4\redhat.java         {manageable} {command line}
   size_t InitialHeapSize                          = 104857600                                 {product} {command line}
   size_t MaxHeapSize                              = 1073741824                                {product} {command line}
   size_t MaxNewSize                               = 357564416                                 {product} {ergonomic}
   size_t MinHeapDeltaBytes                        = 524288                                    {product} {ergonomic}
   size_t MinHeapSize                              = 104857600                                 {product} {command line}
   size_t NewSize                                  = 34603008                                  {product} {ergonomic}
    uintx NonNMethodCodeHeapSize                   = 5839372                                {pd product} {ergonomic}
    uintx NonProfiledCodeHeapSize                  = 122909434                              {pd product} {ergonomic}
   size_t OldSize                                  = 70254592                                  {product} {ergonomic}
    uintx ProfiledCodeHeapSize                     = 122909434                              {pd product} {ergonomic}
    uintx ReservedCodeCacheSize                    = 251658240                              {pd product} {ergonomic}
     bool SegmentedCodeCache                       = true                                      {product} {ergonomic}
   size_t SoftMaxHeapSize                          = 1073741824                             {manageable} {ergonomic}
     bool UseCompressedClassPointers               = true                           {product lp64_product} {ergonomic}
     bool UseCompressedOops                        = true                           {product lp64_product} {ergonomic}
     bool UseLargePagesIndividualAllocation        = false                                  {pd product} {ergonomic}
     bool UseParallelGC                            = true                                      {product} {command line}

Logging:
Log output configuration:
 #0: stdout all=off uptime,level,tags
 #1: stderr all=off uptime,level,tags

Environment Variables:
JAVA_HOME=C:\Users\User\AppData\Local\Programs\Eclipse Adoptium\jdk-17.0.4.101-hotspot\
PATH=C:\Program Files\Common Files\Oracle\Java\javapath;C:\Program Files (x86)\Common Files\Oracle\Java\javapath;C:\WINDOWS\system32;C:\WINDOWS;C:\WINDOWS\System32\Wbem;C:\WINDOWS\System32\WindowsPowerShell\v1.0\;C:\WINDOWS\System32\OpenSSH\;C:\Program Files\Calibre2\;C:\MinGW\bin;C:\Program Files\nodejs\;C:\ProgramData\chocolatey\bin;C:\Program Files\dotnet\;C:\Program Files\xampp\php;C:\ProgramData\ComposerSetup\bin;C:\Program Files\Microsoft SQL Server\150\Tools\Binn\;C:\Program Files\Microsoft SQL Server\Client SDK\ODBC\170\Tools\Binn\;C:\Program Files\Git\cmd;C:\Users\User\AppData\Local\Programs\Eclipse Adoptium\jdk-17.0.4.101-hotspot\bin;C:\Users\User\AppData\Local\Microsoft\WindowsApps;C:\Users\User\AppData\Local\Programs\Microsoft VS Code\bin;C:\Users\User\AppData\Roaming\npm;C:\Users\User\.dotnet\tools;C:\Users\User\AppData\Roaming\Composer\vendor\bin;"C:\Users\User\flutter\bin";D:\Program Files\JetBrains\PyCharm Community Edition 2020.3.4\bin;
USERNAME=User
OS=Windows_NT
PROCESSOR_IDENTIFIER=Intel64 Family 6 Model 126 Stepping 5, GenuineIntel
TMP=C:\Users\User\AppData\Local\Temp
TEMP=C:\Users\User\AppData\Local\Temp



Periodic native trim disabled


---------------  S Y S T E M  ---------------

OS:
 Windows 10 , 64 bit Build 19041 (10.0.19041.3636)
OS uptime: 4 days 19:20 hours

CPU: total 8 (initial active 8) (4 cores per cpu, 2 threads per core) family 6 model 126 stepping 5 microcode 0xb0, cx8, cmov, fxsr, ht, mmx, 3dnowpref, sse, sse2, sse3, ssse3, sse4.1, sse4.2, popcnt, lzcnt, tsc, tscinvbit, avx, avx2, aes, erms, clmul, bmi1, bmi2, adx, avx512f, avx512dq, avx512cd, avx512bw, avx512vl, sha, fma, vzeroupper, avx512_vpopcntdq, avx512_vpclmulqdq, avx512_vaes, avx512_vnni, clflush, clflushopt, avx512_vbmi2, avx512_vbmi
Processor Information for all 8 processors :
  Max Mhz: 1190, Current Mhz: 991, Mhz Limit: 987

Memory: 4k page, system-wide physical 7987M (904M free)
TotalPageFile size 32563M (AvailPageFile size 40M)
current process WorkingSet (physical memory assigned to process): 281M, peak: 290M
current process commit charge ("private bytes"): 347M, peak: 360M

vm_info: OpenJDK 64-Bit Server VM (17.0.11+9) for windows-amd64 JRE (17.0.11+9), built on Apr 17 2024 06:07:48 by "admin" with MS VC++ 16.10 / 16.11 (VS2019)

END.
